# JRE version: OpenJDK Runtime Environment Temurin-21.0.7+6 (21.0.7+6) (build 21.0.7+6-LTS)
# Java VM: OpenJDK 64-Bit Server VM Temurin-21.0.7+6 (21.0.7+6-LTS, mixed mode, sharing, tiered, compressed oops, compressed class ptrs, parallel gc, windows-amd64)
GC Precious Log:
 CardTable entry size: 512
 CPUs: 8 total, 8 available
 Memory: 16221M
 Large Page Support: Disabled
 NUMA Support: Disabled
 Compressed Oops: Enabled (32-bit)
 Alignments: Space 512K, Generation 512K, Heap 2M
 Heap Min Capacity: 100M
 Heap Initial Capacity: 100M
 Heap Max Capacity: 1G
 Pre-touch: Disabled
 Parallel Workers: 8
Heap:
 PSYoungGen      total 6144K, used 2606K [0x00000000eab00000, 0x00000000eb200000, 0x0000000100000000)
  eden space 5632K, 40% used [0x00000000eab00000,0x00000000ead3b9a8,0x00000000eb080000)
  from space 512K, 62% used [0x00000000eb100000,0x00000000eb150000,0x00000000eb180000)
  to   space 512K, 0% used [0x00000000eb180000,0x00000000eb180000,0x00000000eb200000)
 ParOldGen       total 125440K, used 125356K [0x00000000c0000000, 0x00000000c7a80000, 0x00000000eab00000)
  object space 125440K, 99% used [0x00000000c0000000,0x00000000c7a6b1b8,0x00000000c7a80000)
 Metaspace       used 69308K, committed 70976K, reserved 1114112K
  class space    used 6830K, committed 7616K, reserved 1048576K
GC Heap History (20 events):
Event: 46.396 GC heap before
{Heap before GC invocations=165 (full 3):
 PSYoungGen      total 6144K, used 5888K [0x00000000eab00000, 0x00000000eb200000, 0x0000000100000000)
  eden space 5632K, 100% used [0x00000000eab00000,0x00000000eb080000,0x00000000eb080000)
  from space 512K, 50% used [0x00000000eb100000,0x00000000eb140000,0x00000000eb180000)
  to   space 512K, 0% used [0x00000000eb180000,0x00000000eb180000,0x00000000eb200000)
 ParOldGen       total 123904K, used 123652K [0x00000000c0000000, 0x00000000c7900000, 0x00000000eab00000)
  object space 123904K, 99% used [0x00000000c0000000,0x00000000c78c11b8,0x00000000c7900000)
 Metaspace       used 69247K, committed 70912K, reserved 1114112K
  class space    used 6826K, committed 7616K, reserved 1048576K
}
Event: 46.397 GC heap after
{Heap after GC invocations=165 (full 3):
 PSYoungGen      total 6144K, used 256K [0x00000000eab00000, 0x00000000eb200000, 0x0000000100000000)
  eden space 5632K, 0% used [0x00000000eab00000,0x00000000eab00000,0x00000000eb080000)
  from space 512K, 50% used [0x00000000eb180000,0x00000000eb1c0000,0x00000000eb200000)
  to   space 512K, 0% used [0x00000000eb100000,0x00000000eb100000,0x00000000eb180000)
 ParOldGen       total 123904K, used 123788K [0x00000000c0000000, 0x00000000c7900000, 0x00000000eab00000)
  object space 123904K, 99% used [0x00000000c0000000,0x00000000c78e31b8,0x00000000c7900000)
 Metaspace       used 69247K, committed 70912K, reserved 1114112K
  class space    used 6826K, committed 7616K, reserved 1048576K
}
Event: 46.416 GC heap before
{Heap before GC invocations=166 (full 3):
 PSYoungGen      total 6144K, used 5888K [0x00000000eab00000, 0x00000000eb200000, 0x0000000100000000)
  eden space 5632K, 100% used [0x00000000eab00000,0x00000000eb080000,0x00000000eb080000)
  from space 512K, 50% used [0x00000000eb180000,0x00000000eb1c0000,0x00000000eb200000)
  to   space 512K, 0% used [0x00000000eb100000,0x00000000eb100000,0x00000000eb180000)
 ParOldGen       total 123904K, used 123788K [0x00000000c0000000, 0x00000000c7900000, 0x00000000eab00000)
  object space 123904K, 99% used [0x00000000c0000000,0x00000000c78e31b8,0x00000000c7900000)
 Metaspace       used 69247K, committed 70912K, reserved 1114112K
  class space    used 6826K, committed 7616K, reserved 1048576K
}
Event: 46.418 GC heap after
{Heap after GC invocations=166 (full 3):
 PSYoungGen      total 6144K, used 320K [0x00000000eab00000, 0x00000000eb200000, 0x0000000100000000)
  eden space 5632K, 0% used [0x00000000eab00000,0x00000000eab00000,0x00000000eb080000)
  from space 512K, 62% used [0x00000000eb100000,0x00000000eb150000,0x00000000eb180000)
  to   space 512K, 0% used [0x00000000eb180000,0x00000000eb180000,0x00000000eb200000)
 ParOldGen       total 124416K, used 123924K [0x00000000c0000000, 0x00000000c7980000, 0x00000000eab00000)
  object space 124416K, 99% used [0x00000000c0000000,0x00000000c79051b8,0x00000000c7980000)
 Metaspace       used 69247K, committed 70912K, reserved 1114112K
  class space    used 6826K, committed 7616K, reserved 1048576K
}
Event: 46.435 GC heap before
{Heap before GC invocations=167 (full 3):
 PSYoungGen      total 6144K, used 5952K [0x00000000eab00000, 0x00000000eb200000, 0x0000000100000000)
  eden space 5632K, 100% used [0x00000000eab00000,0x00000000eb080000,0x00000000eb080000)
  from space 512K, 62% used [0x00000000eb100000,0x00000000eb150000,0x00000000eb180000)
  to   space 512K, 0% used [0x00000000eb180000,0x00000000eb180000,0x00000000eb200000)
 ParOldGen       total 124416K, used 123924K [0x00000000c0000000, 0x00000000c7980000, 0x00000000eab00000)
  object space 124416K, 99% used [0x00000000c0000000,0x00000000c79051b8,0x00000000c7980000)
 Metaspace       used 69253K, committed 70912K, reserved 1114112K
  class space    used 6826K, committed 7616K, reserved 1048576K
}
Event: 46.436 GC heap after
{Heap after GC invocations=167 (full 3):
 PSYoungGen      total 6144K, used 224K [0x00000000eab00000, 0x00000000eb200000, 0x0000000100000000)
  eden space 5632K, 0% used [0x00000000eab00000,0x00000000eab00000,0x00000000eb080000)
  from space 512K, 43% used [0x00000000eb180000,0x00000000eb1b8000,0x00000000eb200000)
  to   space 512K, 0% used [0x00000000eb100000,0x00000000eb100000,0x00000000eb180000)
 ParOldGen       total 124416K, used 124068K [0x00000000c0000000, 0x00000000c7980000, 0x00000000eab00000)
  object space 124416K, 99% used [0x00000000c0000000,0x00000000c79291b8,0x00000000c7980000)
 Metaspace       used 69253K, committed 70912K, reserved 1114112K
  class space    used 6826K, committed 7616K, reserved 1048576K
}
Event: 46.454 GC heap before
{Heap before GC invocations=168 (full 3):
 PSYoungGen      total 6144K, used 5840K [0x00000000eab00000, 0x00000000eb200000, 0x0000000100000000)
  eden space 5632K, 99% used [0x00000000eab00000,0x00000000eb07c3f8,0x00000000eb080000)
  from space 512K, 43% used [0x00000000eb180000,0x00000000eb1b8000,0x00000000eb200000)
  to   space 512K, 0% used [0x00000000eb100000,0x00000000eb100000,0x00000000eb180000)
 ParOldGen       total 124416K, used 124068K [0x00000000c0000000, 0x00000000c7980000, 0x00000000eab00000)
  object space 124416K, 99% used [0x00000000c0000000,0x00000000c79291b8,0x00000000c7980000)
 Metaspace       used 69300K, committed 70912K, reserved 1114112K
  class space    used 6830K, committed 7616K, reserved 1048576K
}
Event: 46.456 GC heap after
{Heap after GC invocations=168 (full 3):
 PSYoungGen      total 6144K, used 288K [0x00000000eab00000, 0x00000000eb200000, 0x0000000100000000)
  eden space 5632K, 0% used [0x00000000eab00000,0x00000000eab00000,0x00000000eb080000)
  from space 512K, 56% used [0x00000000eb100000,0x00000000eb148000,0x00000000eb180000)
  to   space 512K, 0% used [0x00000000eb180000,0x00000000eb180000,0x00000000eb200000)
 ParOldGen       total 124416K, used 124212K [0x00000000c0000000, 0x00000000c7980000, 0x00000000eab00000)
  object space 124416K, 99% used [0x00000000c0000000,0x00000000c794d1b8,0x00000000c7980000)
 Metaspace       used 69300K, committed 70912K, reserved 1114112K
  class space    used 6830K, committed 7616K, reserved 1048576K
}
Event: 46.470 GC heap before
{Heap before GC invocations=169 (full 3):
 PSYoungGen      total 6144K, used 5920K [0x00000000eab00000, 0x00000000eb200000, 0x0000000100000000)
  eden space 5632K, 100% used [0x00000000eab00000,0x00000000eb080000,0x00000000eb080000)
  from space 512K, 56% used [0x00000000eb100000,0x00000000eb148000,0x00000000eb180000)
  to   space 512K, 0% used [0x00000000eb180000,0x00000000eb180000,0x00000000eb200000)
 ParOldGen       total 124416K, used 124212K [0x00000000c0000000, 0x00000000c7980000, 0x00000000eab00000)
  object space 124416K, 99% used [0x00000000c0000000,0x00000000c794d1b8,0x00000000c7980000)
 Metaspace       used 69300K, committed 70912K, reserved 1114112K
  class space    used 6830K, committed 7616K, reserved 1048576K
}
Event: 46.473 GC heap after
{Heap after GC invocations=169 (full 3):
 PSYoungGen      total 6144K, used 288K [0x00000000eab00000, 0x00000000eb200000, 0x0000000100000000)
  eden space 5632K, 0% used [0x00000000eab00000,0x00000000eab00000,0x00000000eb080000)
  from space 512K, 56% used [0x00000000eb180000,0x00000000eb1c8000,0x00000000eb200000)
  to   space 512K, 0% used [0x00000000eb100000,0x00000000eb100000,0x00000000eb180000)
 ParOldGen       total 124416K, used 124348K [0x00000000c0000000, 0x00000000c7980000, 0x00000000eab00000)
  object space 124416K, 99% used [0x00000000c0000000,0x00000000c796f1b8,0x00000000c7980000)
 Metaspace       used 69300K, committed 70912K, reserved 1114112K
  class space    used 6830K, committed 7616K, reserved 1048576K
}
Event: 46.492 GC heap before
{Heap before GC invocations=170 (full 3):
 PSYoungGen      total 6144K, used 5920K [0x00000000eab00000, 0x00000000eb200000, 0x0000000100000000)
  eden space 5632K, 100% used [0x00000000eab00000,0x00000000eb080000,0x00000000eb080000)
  from space 512K, 56% used [0x00000000eb180000,0x00000000eb1c8000,0x00000000eb200000)
  to   space 512K, 0% used [0x00000000eb100000,0x00000000eb100000,0x00000000eb180000)
 ParOldGen       total 124416K, used 124348K [0x00000000c0000000, 0x00000000c7980000, 0x00000000eab00000)
  object space 124416K, 99% used [0x00000000c0000000,0x00000000c796f1b8,0x00000000c7980000)
 Metaspace       used 69302K, committed 70912K, reserved 1114112K
  class space    used 6830K, committed 7616K, reserved 1048576K
}
Event: 46.495 GC heap after
{Heap after GC invocations=170 (full 3):
 PSYoungGen      total 6144K, used 256K [0x00000000eab00000, 0x00000000eb200000, 0x0000000100000000)
  eden space 5632K, 0% used [0x00000000eab00000,0x00000000eab00000,0x00000000eb080000)
  from space 512K, 50% used [0x00000000eb100000,0x00000000eb140000,0x00000000eb180000)
  to   space 512K, 0% used [0x00000000eb180000,0x00000000eb180000,0x00000000eb200000)
 ParOldGen       total 124416K, used 124396K [0x00000000c0000000, 0x00000000c7980000, 0x00000000eab00000)
  object space 124416K, 99% used [0x00000000c0000000,0x00000000c797b1b8,0x00000000c7980000)
 Metaspace       used 69302K, committed 70912K, reserved 1114112K
  class space    used 6830K, committed 7616K, reserved 1048576K
}
Event: 46.511 GC heap before
{Heap before GC invocations=171 (full 3):
 PSYoungGen      total 6144K, used 5888K [0x00000000eab00000, 0x00000000eb200000, 0x0000000100000000)
  eden space 5632K, 100% used [0x00000000eab00000,0x00000000eb080000,0x00000000eb080000)
  from space 512K, 50% used [0x00000000eb100000,0x00000000eb140000,0x00000000eb180000)
  to   space 512K, 0% used [0x00000000eb180000,0x00000000eb180000,0x00000000eb200000)
 ParOldGen       total 124416K, used 124396K [0x00000000c0000000, 0x00000000c7980000, 0x00000000eab00000)
  object space 124416K, 99% used [0x00000000c0000000,0x00000000c797b1b8,0x00000000c7980000)
 Metaspace       used 69305K, committed 70912K, reserved 1114112K
  class space    used 6830K, committed 7616K, reserved 1048576K
}
Event: 46.513 GC heap after
{Heap after GC invocations=171 (full 3):
 PSYoungGen      total 6144K, used 224K [0x00000000eab00000, 0x00000000eb200000, 0x0000000100000000)
  eden space 5632K, 0% used [0x00000000eab00000,0x00000000eab00000,0x00000000eb080000)
  from space 512K, 43% used [0x00000000eb180000,0x00000000eb1b8000,0x00000000eb200000)
  to   space 512K, 0% used [0x00000000eb100000,0x00000000eb100000,0x00000000eb180000)
 ParOldGen       total 124928K, used 124452K [0x00000000c0000000, 0x00000000c7a00000, 0x00000000eab00000)
  object space 124928K, 99% used [0x00000000c0000000,0x00000000c79891b8,0x00000000c7a00000)
 Metaspace       used 69305K, committed 70912K, reserved 1114112K
  class space    used 6830K, committed 7616K, reserved 1048576K
}
Event: 46.534 GC heap before
{Heap before GC invocations=172 (full 3):
 PSYoungGen      total 6144K, used 5856K [0x00000000eab00000, 0x00000000eb200000, 0x0000000100000000)
  eden space 5632K, 100% used [0x00000000eab00000,0x00000000eb080000,0x00000000eb080000)
  from space 512K, 43% used [0x00000000eb180000,0x00000000eb1b8000,0x00000000eb200000)
  to   space 512K, 0% used [0x00000000eb100000,0x00000000eb100000,0x00000000eb180000)
 ParOldGen       total 124928K, used 124452K [0x00000000c0000000, 0x00000000c7a00000, 0x00000000eab00000)
  object space 124928K, 99% used [0x00000000c0000000,0x00000000c79891b8,0x00000000c7a00000)
 Metaspace       used 69306K, committed 70912K, reserved 1114112K
  class space    used 6830K, committed 7616K, reserved 1048576K
}
Event: 46.536 GC heap after
{Heap after GC invocations=172 (full 3):
 PSYoungGen      total 6144K, used 256K [0x00000000eab00000, 0x00000000eb200000, 0x0000000100000000)
  eden space 5632K, 0% used [0x00000000eab00000,0x00000000eab00000,0x00000000eb080000)
  from space 512K, 50% used [0x00000000eb100000,0x00000000eb140000,0x00000000eb180000)
  to   space 512K, 0% used [0x00000000eb180000,0x00000000eb180000,0x00000000eb200000)
 ParOldGen       total 124928K, used 124516K [0x00000000c0000000, 0x00000000c7a00000, 0x00000000eab00000)
  object space 124928K, 99% used [0x00000000c0000000,0x00000000c79991b8,0x00000000c7a00000)
 Metaspace       used 69306K, committed 70912K, reserved 1114112K
  class space    used 6830K, committed 7616K, reserved 1048576K
}
Event: 46.552 GC heap before
{Heap before GC invocations=173 (full 3):
 PSYoungGen      total 6144K, used 5888K [0x00000000eab00000, 0x00000000eb200000, 0x0000000100000000)
  eden space 5632K, 100% used [0x00000000eab00000,0x00000000eb080000,0x00000000eb080000)
  from space 512K, 50% used [0x00000000eb100000,0x00000000eb140000,0x00000000eb180000)
  to   space 512K, 0% used [0x00000000eb180000,0x00000000eb180000,0x00000000eb200000)
 ParOldGen       total 124928K, used 124516K [0x00000000c0000000, 0x00000000c7a00000, 0x00000000eab00000)
  object space 124928K, 99% used [0x00000000c0000000,0x00000000c79991b8,0x00000000c7a00000)
 Metaspace       used 69308K, committed 70976K, reserved 1114112K
  class space    used 6830K, committed 7616K, reserved 1048576K
}
Event: 46.553 GC heap after
{Heap after GC invocations=173 (full 3):
 PSYoungGen      total 6144K, used 256K [0x00000000eab00000, 0x00000000eb200000, 0x0000000100000000)
  eden space 5632K, 0% used [0x00000000eab00000,0x00000000eab00000,0x00000000eb080000)
  from space 512K, 50% used [0x00000000eb180000,0x00000000eb1c0000,0x00000000eb200000)
  to   space 512K, 0% used [0x00000000eb100000,0x00000000eb100000,0x00000000eb180000)
 ParOldGen       total 124928K, used 124564K [0x00000000c0000000, 0x00000000c7a00000, 0x00000000eab00000)
  object space 124928K, 99% used [0x00000000c0000000,0x00000000c79a51b8,0x00000000c7a00000)
 Metaspace       used 69308K, committed 70976K, reserved 1114112K
  class space    used 6830K, committed 7616K, reserved 1048576K
}
Event: 46.595 GC heap before
{Heap before GC invocations=174 (full 3):
 PSYoungGen      total 6144K, used 5888K [0x00000000eab00000, 0x00000000eb200000, 0x0000000100000000)
  eden space 5632K, 100% used [0x00000000eab00000,0x00000000eb080000,0x00000000eb080000)
  from space 512K, 50% used [0x00000000eb180000,0x00000000eb1c0000,0x00000000eb200000)
  to   space 512K, 0% used [0x00000000eb100000,0x00000000eb100000,0x00000000eb180000)
 ParOldGen       total 124928K, used 124564K [0x00000000c0000000, 0x00000000c7a00000, 0x00000000eab00000)
  object space 124928K, 99% used [0x00000000c0000000,0x00000000c79a51b8,0x00000000c7a00000)
 Metaspace       used 69308K, committed 70976K, reserved 1114112K
  class space    used 6830K, committed 7616K, reserved 1048576K
}
Event: 46.597 GC heap after
{Heap after GC invocations=174 (full 3):
 PSYoungGen      total 6144K, used 352K [0x00000000eab00000, 0x00000000eb200000, 0x0000000100000000)
  eden space 5632K, 0% used [0x00000000eab00000,0x00000000eab00000,0x00000000eb080000)
  from space 512K, 68% used [0x00000000eb100000,0x00000000eb158000,0x00000000eb180000)
  to   space 512K, 0% used [0x00000000eb180000,0x00000000eb180000,0x00000000eb200000)
 ParOldGen       total 125440K, used 125012K [0x00000000c0000000, 0x00000000c7a80000, 0x00000000eab00000)
  object space 125440K, 99% used [0x00000000c0000000,0x00000000c7a151b8,0x00000000c7a80000)
 Metaspace       used 69308K, committed 70976K, reserved 1114112K
  class space    used 6830K, committed 7616K, reserved 1048576K
}

