# JRE version: OpenJDK Runtime Environment Temurin-21.0.7+6 (21.0.7+6) (build 21.0.7+6-LTS)
# Java VM: OpenJDK 64-Bit Server VM Temurin-21.0.7+6 (21.0.7+6-LTS, mixed mode, sharing, tiered, compressed oops, compressed class ptrs, parallel gc, windows-amd64)
GC Precious Log:
 CardTable entry size: 512
 CPUs: 8 total, 8 available
 Memory: 16221M
 Large Page Support: Disabled
 NUMA Support: Disabled
 Compressed Oops: Enabled (32-bit)
 Alignments: Space 512K, Generation 512K, Heap 2M
 Heap Min Capacity: 100M
 Heap Initial Capacity: 100M
 Heap Max Capacity: 1G
 Pre-touch: Disabled
 Parallel Workers: 8
Heap:
 PSYoungGen      total 2560K, used 0K [0x00000000eab00000, 0x00000000eae00000, 0x0000000100000000)
  eden space 2048K, 0% used [0x00000000eab00000,0x00000000eab00000,0x00000000ead00000)
  from space 512K, 0% used [0x00000000ead00000,0x00000000ead00000,0x00000000ead80000)
  to   space 512K, 0% used [0x00000000ead80000,0x00000000ead80000,0x00000000eae00000)
 ParOldGen       total 112128K, used 111888K [0x00000000c0000000, 0x00000000c6d80000, 0x00000000eab00000)
  object space 112128K, 99% used [0x00000000c0000000,0x00000000c6d44300,0x00000000c6d80000)
 Metaspace       used 70246K, committed 71872K, reserved 1114112K
  class space    used 6916K, committed 7680K, reserved 1048576K
GC Heap History (20 events):
Event: 26.172 GC heap after
{Heap after GC invocations=568 (full 4):
 PSYoungGen      total 2560K, used 448K [0x00000000eab00000, 0x00000000eae80000, 0x0000000100000000)
  eden space 1536K, 0% used [0x00000000eab00000,0x00000000eab00000,0x00000000eac80000)
  from space 1024K, 43% used [0x00000000ead80000,0x00000000eadf0020,0x00000000eae80000)
  to   space 1024K, 0% used [0x00000000eac80000,0x00000000eac80000,0x00000000ead80000)
 ParOldGen       total 105984K, used 105869K [0x00000000c0000000, 0x00000000c6780000, 0x00000000eab00000)
  object space 105984K, 99% used [0x00000000c0000000,0x00000000c6763468,0x00000000c6780000)
 Metaspace       used 70097K, committed 71680K, reserved 1114112K
  class space    used 6886K, committed 7616K, reserved 1048576K
}
Event: 26.215 GC heap before
{Heap before GC invocations=569 (full 4):
 PSYoungGen      total 2560K, used 1984K [0x00000000eab00000, 0x00000000eae80000, 0x0000000100000000)
  eden space 1536K, 100% used [0x00000000eab00000,0x00000000eac80000,0x00000000eac80000)
  from space 1024K, 43% used [0x00000000ead80000,0x00000000eadf0020,0x00000000eae80000)
  to   space 1024K, 0% used [0x00000000eac80000,0x00000000eac80000,0x00000000ead80000)
 ParOldGen       total 105984K, used 105869K [0x00000000c0000000, 0x00000000c6780000, 0x00000000eab00000)
  object space 105984K, 99% used [0x00000000c0000000,0x00000000c6763468,0x00000000c6780000)
 Metaspace       used 70153K, committed 71744K, reserved 1114112K
  class space    used 6906K, committed 7680K, reserved 1048576K
}
Event: 26.216 GC heap after
{Heap after GC invocations=569 (full 4):
 PSYoungGen      total 2560K, used 192K [0x00000000eab00000, 0x00000000eae00000, 0x0000000100000000)
  eden space 1536K, 0% used [0x00000000eab00000,0x00000000eab00000,0x00000000eac80000)
  from space 1024K, 18% used [0x00000000eac80000,0x00000000eacb0000,0x00000000ead80000)
  to   space 512K, 0% used [0x00000000ead80000,0x00000000ead80000,0x00000000eae00000)
 ParOldGen       total 106496K, used 106173K [0x00000000c0000000, 0x00000000c6800000, 0x00000000eab00000)
  object space 106496K, 99% used [0x00000000c0000000,0x00000000c67af488,0x00000000c6800000)
 Metaspace       used 70153K, committed 71744K, reserved 1114112K
  class space    used 6906K, committed 7680K, reserved 1048576K
}
Event: 26.232 GC heap before
{Heap before GC invocations=570 (full 4):
 PSYoungGen      total 2560K, used 1728K [0x00000000eab00000, 0x00000000eae00000, 0x0000000100000000)
  eden space 1536K, 100% used [0x00000000eab00000,0x00000000eac80000,0x00000000eac80000)
  from space 1024K, 18% used [0x00000000eac80000,0x00000000eacb0000,0x00000000ead80000)
  to   space 512K, 0% used [0x00000000ead80000,0x00000000ead80000,0x00000000eae00000)
 ParOldGen       total 106496K, used 106173K [0x00000000c0000000, 0x00000000c6800000, 0x00000000eab00000)
  object space 106496K, 99% used [0x00000000c0000000,0x00000000c67af488,0x00000000c6800000)
 Metaspace       used 70176K, committed 71808K, reserved 1114112K
  class space    used 6909K, committed 7680K, reserved 1048576K
}
Event: 26.233 GC heap after
{Heap after GC invocations=570 (full 4):
 PSYoungGen      total 2048K, used 160K [0x00000000eab00000, 0x00000000eae00000, 0x0000000100000000)
  eden space 1536K, 0% used [0x00000000eab00000,0x00000000eab00000,0x00000000eac80000)
  from space 512K, 31% used [0x00000000ead80000,0x00000000eada8000,0x00000000eae00000)
  to   space 512K, 0% used [0x00000000ead00000,0x00000000ead00000,0x00000000ead80000)
 ParOldGen       total 106496K, used 106237K [0x00000000c0000000, 0x00000000c6800000, 0x00000000eab00000)
  object space 106496K, 99% used [0x00000000c0000000,0x00000000c67bf488,0x00000000c6800000)
 Metaspace       used 70176K, committed 71808K, reserved 1114112K
  class space    used 6909K, committed 7680K, reserved 1048576K
}
Event: 26.282 GC heap before
{Heap before GC invocations=571 (full 4):
 PSYoungGen      total 2048K, used 1696K [0x00000000eab00000, 0x00000000eae00000, 0x0000000100000000)
  eden space 1536K, 100% used [0x00000000eab00000,0x00000000eac80000,0x00000000eac80000)
  from space 512K, 31% used [0x00000000ead80000,0x00000000eada8000,0x00000000eae00000)
  to   space 512K, 0% used [0x00000000ead00000,0x00000000ead00000,0x00000000ead80000)
 ParOldGen       total 108544K, used 107999K [0x00000000c0000000, 0x00000000c6a00000, 0x00000000eab00000)
  object space 108544K, 99% used [0x00000000c0000000,0x00000000c6977db8,0x00000000c6a00000)
 Metaspace       used 70206K, committed 71808K, reserved 1114112K
  class space    used 6913K, committed 7680K, reserved 1048576K
}
Event: 26.283 GC heap after
{Heap after GC invocations=571 (full 4):
 PSYoungGen      total 2048K, used 352K [0x00000000eab00000, 0x00000000eae00000, 0x0000000100000000)
  eden space 1536K, 0% used [0x00000000eab00000,0x00000000eab00000,0x00000000eac80000)
  from space 512K, 68% used [0x00000000ead00000,0x00000000ead58000,0x00000000ead80000)
  to   space 512K, 0% used [0x00000000ead80000,0x00000000ead80000,0x00000000eae00000)
 ParOldGen       total 108544K, used 108023K [0x00000000c0000000, 0x00000000c6a00000, 0x00000000eab00000)
  object space 108544K, 99% used [0x00000000c0000000,0x00000000c697ddb8,0x00000000c6a00000)
 Metaspace       used 70206K, committed 71808K, reserved 1114112K
  class space    used 6913K, committed 7680K, reserved 1048576K
}
Event: 26.321 GC heap before
{Heap before GC invocations=572 (full 4):
 PSYoungGen      total 2048K, used 1888K [0x00000000eab00000, 0x00000000eae00000, 0x0000000100000000)
  eden space 1536K, 100% used [0x00000000eab00000,0x00000000eac80000,0x00000000eac80000)
  from space 512K, 68% used [0x00000000ead00000,0x00000000ead58000,0x00000000ead80000)
  to   space 512K, 0% used [0x00000000ead80000,0x00000000ead80000,0x00000000eae00000)
 ParOldGen       total 108544K, used 108023K [0x00000000c0000000, 0x00000000c6a00000, 0x00000000eab00000)
  object space 108544K, 99% used [0x00000000c0000000,0x00000000c697ddb8,0x00000000c6a00000)
 Metaspace       used 70218K, committed 71808K, reserved 1114112K
  class space    used 6914K, committed 7680K, reserved 1048576K
}
Event: 26.325 GC heap after
{Heap after GC invocations=572 (full 4):
 PSYoungGen      total 2048K, used 288K [0x00000000eab00000, 0x00000000eae00000, 0x0000000100000000)
  eden space 1536K, 0% used [0x00000000eab00000,0x00000000eab00000,0x00000000eac80000)
  from space 512K, 56% used [0x00000000ead80000,0x00000000eadc8000,0x00000000eae00000)
  to   space 512K, 0% used [0x00000000ead00000,0x00000000ead00000,0x00000000ead80000)
 ParOldGen       total 109568K, used 109237K [0x00000000c0000000, 0x00000000c6b00000, 0x00000000eab00000)
  object space 109568K, 99% used [0x00000000c0000000,0x00000000c6aad4c8,0x00000000c6b00000)
 Metaspace       used 70218K, committed 71808K, reserved 1114112K
  class space    used 6914K, committed 7680K, reserved 1048576K
}
Event: 26.350 GC heap before
{Heap before GC invocations=573 (full 4):
 PSYoungGen      total 2048K, used 1824K [0x00000000eab00000, 0x00000000eae00000, 0x0000000100000000)
  eden space 1536K, 100% used [0x00000000eab00000,0x00000000eac80000,0x00000000eac80000)
  from space 512K, 56% used [0x00000000ead80000,0x00000000eadc8000,0x00000000eae00000)
  to   space 512K, 0% used [0x00000000ead00000,0x00000000ead00000,0x00000000ead80000)
 ParOldGen       total 109568K, used 109237K [0x00000000c0000000, 0x00000000c6b00000, 0x00000000eab00000)
  object space 109568K, 99% used [0x00000000c0000000,0x00000000c6aad4c8,0x00000000c6b00000)
 Metaspace       used 70222K, committed 71808K, reserved 1114112K
  class space    used 6914K, committed 7680K, reserved 1048576K
}
Event: 26.352 GC heap after
{Heap after GC invocations=573 (full 4):
 PSYoungGen      total 2048K, used 384K [0x00000000eab00000, 0x00000000eae00000, 0x0000000100000000)
  eden space 1536K, 0% used [0x00000000eab00000,0x00000000eab00000,0x00000000eac80000)
  from space 512K, 75% used [0x00000000ead00000,0x00000000ead60000,0x00000000ead80000)
  to   space 512K, 0% used [0x00000000ead80000,0x00000000ead80000,0x00000000eae00000)
 ParOldGen       total 109568K, used 109371K [0x00000000c0000000, 0x00000000c6b00000, 0x00000000eab00000)
  object space 109568K, 99% used [0x00000000c0000000,0x00000000c6acef70,0x00000000c6b00000)
 Metaspace       used 70222K, committed 71808K, reserved 1114112K
  class space    used 6914K, committed 7680K, reserved 1048576K
}
Event: 26.377 GC heap before
{Heap before GC invocations=574 (full 4):
 PSYoungGen      total 2048K, used 1920K [0x00000000eab00000, 0x00000000eae00000, 0x0000000100000000)
  eden space 1536K, 100% used [0x00000000eab00000,0x00000000eac80000,0x00000000eac80000)
  from space 512K, 75% used [0x00000000ead00000,0x00000000ead60000,0x00000000ead80000)
  to   space 512K, 0% used [0x00000000ead80000,0x00000000ead80000,0x00000000eae00000)
 ParOldGen       total 109568K, used 109371K [0x00000000c0000000, 0x00000000c6b00000, 0x00000000eab00000)
  object space 109568K, 99% used [0x00000000c0000000,0x00000000c6acef70,0x00000000c6b00000)
 Metaspace       used 70230K, committed 71808K, reserved 1114112K
  class space    used 6915K, committed 7680K, reserved 1048576K
}
Event: 26.378 GC heap after
{Heap after GC invocations=574 (full 4):
 PSYoungGen      total 2048K, used 478K [0x00000000eab00000, 0x00000000eae00000, 0x0000000100000000)
  eden space 1536K, 0% used [0x00000000eab00000,0x00000000eab00000,0x00000000eac80000)
  from space 512K, 93% used [0x00000000ead80000,0x00000000eadf7958,0x00000000eae00000)
  to   space 512K, 0% used [0x00000000ead00000,0x00000000ead00000,0x00000000ead80000)
 ParOldGen       total 109568K, used 109472K [0x00000000c0000000, 0x00000000c6b00000, 0x00000000eab00000)
  object space 109568K, 99% used [0x00000000c0000000,0x00000000c6ae8140,0x00000000c6b00000)
 Metaspace       used 70230K, committed 71808K, reserved 1114112K
  class space    used 6915K, committed 7680K, reserved 1048576K
}
Event: 26.418 GC heap before
{Heap before GC invocations=575 (full 4):
 PSYoungGen      total 2048K, used 2014K [0x00000000eab00000, 0x00000000eae00000, 0x0000000100000000)
  eden space 1536K, 100% used [0x00000000eab00000,0x00000000eac80000,0x00000000eac80000)
  from space 512K, 93% used [0x00000000ead80000,0x00000000eadf7958,0x00000000eae00000)
  to   space 512K, 0% used [0x00000000ead00000,0x00000000ead00000,0x00000000ead80000)
 ParOldGen       total 111616K, used 111234K [0x00000000c0000000, 0x00000000c6d00000, 0x00000000eab00000)
  object space 111616K, 99% used [0x00000000c0000000,0x00000000c6ca0a70,0x00000000c6d00000)
 Metaspace       used 70243K, committed 71872K, reserved 1114112K
  class space    used 6916K, committed 7680K, reserved 1048576K
}
Event: 26.420 GC heap after
{Heap after GC invocations=575 (full 4):
 PSYoungGen      total 2048K, used 256K [0x00000000eab00000, 0x00000000eae00000, 0x0000000100000000)
  eden space 1536K, 0% used [0x00000000eab00000,0x00000000eab00000,0x00000000eac80000)
  from space 512K, 50% used [0x00000000ead00000,0x00000000ead40000,0x00000000ead80000)
  to   space 512K, 0% used [0x00000000ead80000,0x00000000ead80000,0x00000000eae00000)
 ParOldGen       total 111616K, used 111608K [0x00000000c0000000, 0x00000000c6d00000, 0x00000000eab00000)
  object space 111616K, 99% used [0x00000000c0000000,0x00000000c6cfe340,0x00000000c6d00000)
 Metaspace       used 70243K, committed 71872K, reserved 1114112K
  class space    used 6916K, committed 7680K, reserved 1048576K
}
Event: 26.431 GC heap before
{Heap before GC invocations=576 (full 4):
 PSYoungGen      total 2048K, used 871K [0x00000000eab00000, 0x00000000eae00000, 0x0000000100000000)
  eden space 1536K, 40% used [0x00000000eab00000,0x00000000eab99ef0,0x00000000eac80000)
  from space 512K, 50% used [0x00000000ead00000,0x00000000ead40000,0x00000000ead80000)
  to   space 512K, 0% used [0x00000000ead80000,0x00000000ead80000,0x00000000eae00000)
 ParOldGen       total 111616K, used 111608K [0x00000000c0000000, 0x00000000c6d00000, 0x00000000eab00000)
  object space 111616K, 99% used [0x00000000c0000000,0x00000000c6cfe340,0x00000000c6d00000)
 Metaspace       used 70246K, committed 71872K, reserved 1114112K
  class space    used 6916K, committed 7680K, reserved 1048576K
}
Event: 26.432 GC heap after
{Heap after GC invocations=576 (full 4):
 PSYoungGen      total 2048K, used 256K [0x00000000eab00000, 0x00000000eae00000, 0x0000000100000000)
  eden space 1536K, 0% used [0x00000000eab00000,0x00000000eab00000,0x00000000eac80000)
  from space 512K, 50% used [0x00000000ead80000,0x00000000eadc0000,0x00000000eae00000)
  to   space 512K, 0% used [0x00000000ead00000,0x00000000ead00000,0x00000000ead80000)
 ParOldGen       total 112128K, used 111720K [0x00000000c0000000, 0x00000000c6d80000, 0x00000000eab00000)
  object space 112128K, 99% used [0x00000000c0000000,0x00000000c6d1a340,0x00000000c6d80000)
 Metaspace       used 70246K, committed 71872K, reserved 1114112K
  class space    used 6916K, committed 7680K, reserved 1048576K
}
Event: 26.432 GC heap before
{Heap before GC invocations=577 (full 4):
 PSYoungGen      total 2048K, used 256K [0x00000000eab00000, 0x00000000eae00000, 0x0000000100000000)
  eden space 1536K, 0% used [0x00000000eab00000,0x00000000eab00000,0x00000000eac80000)
  from space 512K, 50% used [0x00000000ead80000,0x00000000eadc0000,0x00000000eae00000)
  to   space 512K, 0% used [0x00000000ead00000,0x00000000ead00000,0x00000000ead80000)
 ParOldGen       total 112128K, used 111720K [0x00000000c0000000, 0x00000000c6d80000, 0x00000000eab00000)
  object space 112128K, 99% used [0x00000000c0000000,0x00000000c6d1a340,0x00000000c6d80000)
 Metaspace       used 70246K, committed 71872K, reserved 1114112K
  class space    used 6916K, committed 7680K, reserved 1048576K
}
Event: 26.433 GC heap after
{Heap after GC invocations=577 (full 4):
 PSYoungGen      total 2560K, used 0K [0x00000000eab00000, 0x00000000eae00000, 0x0000000100000000)
  eden space 2048K, 0% used [0x00000000eab00000,0x00000000eab00000,0x00000000ead00000)
  from space 512K, 0% used [0x00000000ead00000,0x00000000ead00000,0x00000000ead80000)
  to   space 512K, 0% used [0x00000000ead80000,0x00000000ead80000,0x00000000eae00000)
 ParOldGen       total 112128K, used 111888K [0x00000000c0000000, 0x00000000c6d80000, 0x00000000eab00000)
  object space 112128K, 99% used [0x00000000c0000000,0x00000000c6d44300,0x00000000c6d80000)
 Metaspace       used 70246K, committed 71872K, reserved 1114112K
  class space    used 6916K, committed 7680K, reserved 1048576K
}
Event: 26.433 GC heap before
{Heap before GC invocations=578 (full 5):
 PSYoungGen      total 2560K, used 0K [0x00000000eab00000, 0x00000000eae00000, 0x0000000100000000)
  eden space 2048K, 0% used [0x00000000eab00000,0x00000000eab00000,0x00000000ead00000)
  from space 512K, 0% used [0x00000000ead00000,0x00000000ead00000,0x00000000ead80000)
  to   space 512K, 0% used [0x00000000ead80000,0x00000000ead80000,0x00000000eae00000)
 ParOldGen       total 112128K, used 111888K [0x00000000c0000000, 0x00000000c6d80000, 0x00000000eab00000)
  object space 112128K, 99% used [0x00000000c0000000,0x00000000c6d44300,0x00000000c6d80000)
 Metaspace       used 70246K, committed 71872K, reserved 1114112K
  class space    used 6916K, committed 7680K, reserved 1048576K
}

