# JRE version: OpenJDK Runtime Environment Temurin-21.0.7+6 (21.0.7+6) (build 21.0.7+6-LTS)
# Java VM: OpenJDK 64-Bit Server VM Temurin-21.0.7+6 (21.0.7+6-LTS, mixed mode, sharing, tiered, compressed oops, compressed class ptrs, parallel gc, windows-amd64)
GC Precious Log:
 CardTable entry size: 512
 CPUs: 8 total, 8 available
 Memory: 16221M
 Large Page Support: Disabled
 NUMA Support: Disabled
 Compressed Oops: Enabled (32-bit)
 Alignments: Space 512K, Generation 512K, Heap 2M
 Heap Min Capacity: 100M
 Heap Initial Capacity: 100M
 Heap Max Capacity: 1G
 Pre-touch: Disabled
 Parallel Workers: 8
Heap:
 PSYoungGen      total 6144K, used 5326K [0x00000000eab00000, 0x00000000eb200000, 0x0000000100000000)
  eden space 5632K, 89% used [0x00000000eab00000,0x00000000eafe9650,0x00000000eb080000)
  from space 512K, 58% used [0x00000000eb100000,0x00000000eb14a400,0x00000000eb180000)
  to   space 512K, 0% used [0x00000000eb180000,0x00000000eb180000,0x00000000eb200000)
 ParOldGen       total 185856K, used 185502K [0x00000000c0000000, 0x00000000cb580000, 0x00000000eab00000)
  object space 185856K, 99% used [0x00000000c0000000,0x00000000cb527bf8,0x00000000cb580000)
 Metaspace       used 70616K, committed 72256K, reserved 1114112K
  class space    used 6933K, committed 7680K, reserved 1048576K
GC Heap History (20 events):
Event: 23.792 GC heap before
{Heap before GC invocations=704 (full 4):
 PSYoungGen      total 6144K, used 4834K [0x00000000eab00000, 0x00000000eb200000, 0x0000000100000000)
  eden space 5632K, 81% used [0x00000000eab00000,0x00000000eaf80b28,0x00000000eb080000)
  from space 512K, 43% used [0x00000000eb100000,0x00000000eb138000,0x00000000eb180000)
  to   space 512K, 0% used [0x00000000eb180000,0x00000000eb180000,0x00000000eb200000)
 ParOldGen       total 183296K, used 182815K [0x00000000c0000000, 0x00000000cb300000, 0x00000000eab00000)
  object space 183296K, 99% used [0x00000000c0000000,0x00000000cb287fa0,0x00000000cb300000)
 Metaspace       used 70541K, committed 72192K, reserved 1114112K
  class space    used 6933K, committed 7680K, reserved 1048576K
}
Event: 23.793 GC heap after
{Heap after GC invocations=704 (full 4):
 PSYoungGen      total 6144K, used 160K [0x00000000eab00000, 0x00000000eb200000, 0x0000000100000000)
  eden space 5632K, 0% used [0x00000000eab00000,0x00000000eab00000,0x00000000eb080000)
  from space 512K, 31% used [0x00000000eb180000,0x00000000eb1a8000,0x00000000eb200000)
  to   space 512K, 0% used [0x00000000eb100000,0x00000000eb100000,0x00000000eb180000)
 ParOldGen       total 183296K, used 182855K [0x00000000c0000000, 0x00000000cb300000, 0x00000000eab00000)
  object space 183296K, 99% used [0x00000000c0000000,0x00000000cb291fa0,0x00000000cb300000)
 Metaspace       used 70541K, committed 72192K, reserved 1114112K
  class space    used 6933K, committed 7680K, reserved 1048576K
}
Event: 23.802 GC heap before
{Heap before GC invocations=705 (full 4):
 PSYoungGen      total 6144K, used 5792K [0x00000000eab00000, 0x00000000eb200000, 0x0000000100000000)
  eden space 5632K, 100% used [0x00000000eab00000,0x00000000eb080000,0x00000000eb080000)
  from space 512K, 31% used [0x00000000eb180000,0x00000000eb1a8000,0x00000000eb200000)
  to   space 512K, 0% used [0x00000000eb100000,0x00000000eb100000,0x00000000eb180000)
 ParOldGen       total 183296K, used 182855K [0x00000000c0000000, 0x00000000cb300000, 0x00000000eab00000)
  object space 183296K, 99% used [0x00000000c0000000,0x00000000cb291fa0,0x00000000cb300000)
 Metaspace       used 70544K, committed 72192K, reserved 1114112K
  class space    used 6933K, committed 7680K, reserved 1048576K
}
Event: 23.803 GC heap after
{Heap after GC invocations=705 (full 4):
 PSYoungGen      total 6144K, used 480K [0x00000000eab00000, 0x00000000eb280000, 0x0000000100000000)
  eden space 5632K, 0% used [0x00000000eab00000,0x00000000eab00000,0x00000000eb080000)
  from space 512K, 93% used [0x00000000eb100000,0x00000000eb178000,0x00000000eb180000)
  to   space 1024K, 0% used [0x00000000eb180000,0x00000000eb180000,0x00000000eb280000)
 ParOldGen       total 183296K, used 182887K [0x00000000c0000000, 0x00000000cb300000, 0x00000000eab00000)
  object space 183296K, 99% used [0x00000000c0000000,0x00000000cb299fa0,0x00000000cb300000)
 Metaspace       used 70544K, committed 72192K, reserved 1114112K
  class space    used 6933K, committed 7680K, reserved 1048576K
}
Event: 23.815 GC heap before
{Heap before GC invocations=706 (full 4):
 PSYoungGen      total 6144K, used 6112K [0x00000000eab00000, 0x00000000eb280000, 0x0000000100000000)
  eden space 5632K, 100% used [0x00000000eab00000,0x00000000eb080000,0x00000000eb080000)
  from space 512K, 93% used [0x00000000eb100000,0x00000000eb178000,0x00000000eb180000)
  to   space 1024K, 0% used [0x00000000eb180000,0x00000000eb180000,0x00000000eb280000)
 ParOldGen       total 183296K, used 182887K [0x00000000c0000000, 0x00000000cb300000, 0x00000000eab00000)
  object space 183296K, 99% used [0x00000000c0000000,0x00000000cb299fa0,0x00000000cb300000)
 Metaspace       used 70575K, committed 72192K, reserved 1114112K
  class space    used 6933K, committed 7680K, reserved 1048576K
}
Event: 23.817 GC heap after
{Heap after GC invocations=706 (full 4):
 PSYoungGen      total 6656K, used 649K [0x00000000eab00000, 0x00000000eb280000, 0x0000000100000000)
  eden space 5632K, 0% used [0x00000000eab00000,0x00000000eab00000,0x00000000eb080000)
  from space 1024K, 63% used [0x00000000eb180000,0x00000000eb222400,0x00000000eb280000)
  to   space 1024K, 0% used [0x00000000eb080000,0x00000000eb080000,0x00000000eb180000)
 ParOldGen       total 183296K, used 183239K [0x00000000c0000000, 0x00000000cb300000, 0x00000000eab00000)
  object space 183296K, 99% used [0x00000000c0000000,0x00000000cb2f1fa0,0x00000000cb300000)
 Metaspace       used 70575K, committed 72192K, reserved 1114112K
  class space    used 6933K, committed 7680K, reserved 1048576K
}
Event: 23.841 GC heap before
{Heap before GC invocations=707 (full 4):
 PSYoungGen      total 6656K, used 6281K [0x00000000eab00000, 0x00000000eb280000, 0x0000000100000000)
  eden space 5632K, 100% used [0x00000000eab00000,0x00000000eb080000,0x00000000eb080000)
  from space 1024K, 63% used [0x00000000eb180000,0x00000000eb222400,0x00000000eb280000)
  to   space 1024K, 0% used [0x00000000eb080000,0x00000000eb080000,0x00000000eb180000)
 ParOldGen       total 183296K, used 183239K [0x00000000c0000000, 0x00000000cb300000, 0x00000000eab00000)
  object space 183296K, 99% used [0x00000000c0000000,0x00000000cb2f1fa0,0x00000000cb300000)
 Metaspace       used 70578K, committed 72192K, reserved 1114112K
  class space    used 6933K, committed 7680K, reserved 1048576K
}
Event: 23.842 GC heap after
{Heap after GC invocations=707 (full 4):
 PSYoungGen      total 6656K, used 585K [0x00000000eab00000, 0x00000000eb280000, 0x0000000100000000)
  eden space 5632K, 0% used [0x00000000eab00000,0x00000000eab00000,0x00000000eb080000)
  from space 1024K, 57% used [0x00000000eb080000,0x00000000eb112400,0x00000000eb180000)
  to   space 1024K, 0% used [0x00000000eb180000,0x00000000eb180000,0x00000000eb280000)
 ParOldGen       total 183808K, used 183351K [0x00000000c0000000, 0x00000000cb380000, 0x00000000eab00000)
  object space 183808K, 99% used [0x00000000c0000000,0x00000000cb30dfa0,0x00000000cb380000)
 Metaspace       used 70578K, committed 72192K, reserved 1114112K
  class space    used 6933K, committed 7680K, reserved 1048576K
}
Event: 23.874 GC heap before
{Heap before GC invocations=708 (full 4):
 PSYoungGen      total 6656K, used 6205K [0x00000000eab00000, 0x00000000eb280000, 0x0000000100000000)
  eden space 5632K, 99% used [0x00000000eab00000,0x00000000eb07d3c8,0x00000000eb080000)
  from space 1024K, 57% used [0x00000000eb080000,0x00000000eb112400,0x00000000eb180000)
  to   space 1024K, 0% used [0x00000000eb180000,0x00000000eb180000,0x00000000eb280000)
 ParOldGen       total 183808K, used 183351K [0x00000000c0000000, 0x00000000cb380000, 0x00000000eab00000)
  object space 183808K, 99% used [0x00000000c0000000,0x00000000cb30dfa0,0x00000000cb380000)
 Metaspace       used 70588K, committed 72256K, reserved 1114112K
  class space    used 6933K, committed 7680K, reserved 1048576K
}
Event: 23.878 GC heap after
{Heap after GC invocations=708 (full 4):
 PSYoungGen      total 6656K, used 523K [0x00000000eab00000, 0x00000000eb280000, 0x0000000100000000)
  eden space 5632K, 0% used [0x00000000eab00000,0x00000000eab00000,0x00000000eb080000)
  from space 1024K, 51% used [0x00000000eb180000,0x00000000eb202d70,0x00000000eb280000)
  to   space 1024K, 0% used [0x00000000eb080000,0x00000000eb080000,0x00000000eb180000)
 ParOldGen       total 185856K, used 185226K [0x00000000c0000000, 0x00000000cb580000, 0x00000000eab00000)
  object space 185856K, 99% used [0x00000000c0000000,0x00000000cb4e28d0,0x00000000cb580000)
 Metaspace       used 70588K, committed 72256K, reserved 1114112K
  class space    used 6933K, committed 7680K, reserved 1048576K
}
Event: 23.890 GC heap before
{Heap before GC invocations=709 (full 4):
 PSYoungGen      total 6656K, used 6155K [0x00000000eab00000, 0x00000000eb280000, 0x0000000100000000)
  eden space 5632K, 100% used [0x00000000eab00000,0x00000000eb080000,0x00000000eb080000)
  from space 1024K, 51% used [0x00000000eb180000,0x00000000eb202d70,0x00000000eb280000)
  to   space 1024K, 0% used [0x00000000eb080000,0x00000000eb080000,0x00000000eb180000)
 ParOldGen       total 185856K, used 185226K [0x00000000c0000000, 0x00000000cb580000, 0x00000000eab00000)
  object space 185856K, 99% used [0x00000000c0000000,0x00000000cb4e28d0,0x00000000cb580000)
 Metaspace       used 70603K, committed 72256K, reserved 1114112K
  class space    used 6933K, committed 7680K, reserved 1048576K
}
Event: 23.891 GC heap after
{Heap after GC invocations=709 (full 4):
 PSYoungGen      total 6656K, used 329K [0x00000000eab00000, 0x00000000eb200000, 0x0000000100000000)
  eden space 5632K, 0% used [0x00000000eab00000,0x00000000eab00000,0x00000000eb080000)
  from space 1024K, 32% used [0x00000000eb080000,0x00000000eb0d2400,0x00000000eb180000)
  to   space 512K, 0% used [0x00000000eb180000,0x00000000eb180000,0x00000000eb200000)
 ParOldGen       total 185856K, used 185294K [0x00000000c0000000, 0x00000000cb580000, 0x00000000eab00000)
  object space 185856K, 99% used [0x00000000c0000000,0x00000000cb4f3bf8,0x00000000cb580000)
 Metaspace       used 70603K, committed 72256K, reserved 1114112K
  class space    used 6933K, committed 7680K, reserved 1048576K
}
Event: 23.901 GC heap before
{Heap before GC invocations=710 (full 4):
 PSYoungGen      total 6656K, used 5961K [0x00000000eab00000, 0x00000000eb200000, 0x0000000100000000)
  eden space 5632K, 100% used [0x00000000eab00000,0x00000000eb080000,0x00000000eb080000)
  from space 1024K, 32% used [0x00000000eb080000,0x00000000eb0d2400,0x00000000eb180000)
  to   space 512K, 0% used [0x00000000eb180000,0x00000000eb180000,0x00000000eb200000)
 ParOldGen       total 185856K, used 185294K [0x00000000c0000000, 0x00000000cb580000, 0x00000000eab00000)
  object space 185856K, 99% used [0x00000000c0000000,0x00000000cb4f3bf8,0x00000000cb580000)
 Metaspace       used 70604K, committed 72256K, reserved 1114112K
  class space    used 6933K, committed 7680K, reserved 1048576K
}
Event: 23.902 GC heap after
{Heap after GC invocations=710 (full 4):
 PSYoungGen      total 6144K, used 457K [0x00000000eab00000, 0x00000000eb200000, 0x0000000100000000)
  eden space 5632K, 0% used [0x00000000eab00000,0x00000000eab00000,0x00000000eb080000)
  from space 512K, 89% used [0x00000000eb180000,0x00000000eb1f2400,0x00000000eb200000)
  to   space 512K, 0% used [0x00000000eb100000,0x00000000eb100000,0x00000000eb180000)
 ParOldGen       total 185856K, used 185358K [0x00000000c0000000, 0x00000000cb580000, 0x00000000eab00000)
  object space 185856K, 99% used [0x00000000c0000000,0x00000000cb503bf8,0x00000000cb580000)
 Metaspace       used 70604K, committed 72256K, reserved 1114112K
  class space    used 6933K, committed 7680K, reserved 1048576K
}
Event: 23.923 GC heap before
{Heap before GC invocations=711 (full 4):
 PSYoungGen      total 6144K, used 6089K [0x00000000eab00000, 0x00000000eb200000, 0x0000000100000000)
  eden space 5632K, 100% used [0x00000000eab00000,0x00000000eb080000,0x00000000eb080000)
  from space 512K, 89% used [0x00000000eb180000,0x00000000eb1f2400,0x00000000eb200000)
  to   space 512K, 0% used [0x00000000eb100000,0x00000000eb100000,0x00000000eb180000)
 ParOldGen       total 185856K, used 185358K [0x00000000c0000000, 0x00000000cb580000, 0x00000000eab00000)
  object space 185856K, 99% used [0x00000000c0000000,0x00000000cb503bf8,0x00000000cb580000)
 Metaspace       used 70604K, committed 72256K, reserved 1114112K
  class space    used 6933K, committed 7680K, reserved 1048576K
}
Event: 23.924 GC heap after
{Heap after GC invocations=711 (full 4):
 PSYoungGen      total 6144K, used 425K [0x00000000eab00000, 0x00000000eb200000, 0x0000000100000000)
  eden space 5632K, 0% used [0x00000000eab00000,0x00000000eab00000,0x00000000eb080000)
  from space 512K, 83% used [0x00000000eb100000,0x00000000eb16a400,0x00000000eb180000)
  to   space 512K, 0% used [0x00000000eb180000,0x00000000eb180000,0x00000000eb200000)
 ParOldGen       total 185856K, used 185414K [0x00000000c0000000, 0x00000000cb580000, 0x00000000eab00000)
  object space 185856K, 99% used [0x00000000c0000000,0x00000000cb511bf8,0x00000000cb580000)
 Metaspace       used 70604K, committed 72256K, reserved 1114112K
  class space    used 6933K, committed 7680K, reserved 1048576K
}
Event: 23.934 GC heap before
{Heap before GC invocations=712 (full 4):
 PSYoungGen      total 6144K, used 6057K [0x00000000eab00000, 0x00000000eb200000, 0x0000000100000000)
  eden space 5632K, 100% used [0x00000000eab00000,0x00000000eb080000,0x00000000eb080000)
  from space 512K, 83% used [0x00000000eb100000,0x00000000eb16a400,0x00000000eb180000)
  to   space 512K, 0% used [0x00000000eb180000,0x00000000eb180000,0x00000000eb200000)
 ParOldGen       total 185856K, used 185414K [0x00000000c0000000, 0x00000000cb580000, 0x00000000eab00000)
  object space 185856K, 99% used [0x00000000c0000000,0x00000000cb511bf8,0x00000000cb580000)
 Metaspace       used 70604K, committed 72256K, reserved 1114112K
  class space    used 6933K, committed 7680K, reserved 1048576K
}
Event: 23.935 GC heap after
{Heap after GC invocations=712 (full 4):
 PSYoungGen      total 6144K, used 361K [0x00000000eab00000, 0x00000000eb200000, 0x0000000100000000)
  eden space 5632K, 0% used [0x00000000eab00000,0x00000000eab00000,0x00000000eb080000)
  from space 512K, 70% used [0x00000000eb180000,0x00000000eb1da400,0x00000000eb200000)
  to   space 512K, 0% used [0x00000000eb100000,0x00000000eb100000,0x00000000eb180000)
 ParOldGen       total 185856K, used 185470K [0x00000000c0000000, 0x00000000cb580000, 0x00000000eab00000)
  object space 185856K, 99% used [0x00000000c0000000,0x00000000cb51fbf8,0x00000000cb580000)
 Metaspace       used 70604K, committed 72256K, reserved 1114112K
  class space    used 6933K, committed 7680K, reserved 1048576K
}
Event: 23.948 GC heap before
{Heap before GC invocations=713 (full 4):
 PSYoungGen      total 6144K, used 4352K [0x00000000eab00000, 0x00000000eb200000, 0x0000000100000000)
  eden space 5632K, 70% used [0x00000000eab00000,0x00000000eaee5d78,0x00000000eb080000)
  from space 512K, 70% used [0x00000000eb180000,0x00000000eb1da400,0x00000000eb200000)
  to   space 512K, 0% used [0x00000000eb100000,0x00000000eb100000,0x00000000eb180000)
 ParOldGen       total 185856K, used 185470K [0x00000000c0000000, 0x00000000cb580000, 0x00000000eab00000)
  object space 185856K, 99% used [0x00000000c0000000,0x00000000cb51fbf8,0x00000000cb580000)
 Metaspace       used 70616K, committed 72256K, reserved 1114112K
  class space    used 6933K, committed 7680K, reserved 1048576K
}
Event: 23.949 GC heap after
{Heap after GC invocations=713 (full 4):
 PSYoungGen      total 6144K, used 297K [0x00000000eab00000, 0x00000000eb200000, 0x0000000100000000)
  eden space 5632K, 0% used [0x00000000eab00000,0x00000000eab00000,0x00000000eb080000)
  from space 512K, 58% used [0x00000000eb100000,0x00000000eb14a400,0x00000000eb180000)
  to   space 512K, 0% used [0x00000000eb180000,0x00000000eb180000,0x00000000eb200000)
 ParOldGen       total 185856K, used 185502K [0x00000000c0000000, 0x00000000cb580000, 0x00000000eab00000)
  object space 185856K, 99% used [0x00000000c0000000,0x00000000cb527bf8,0x00000000cb580000)
 Metaspace       used 70616K, committed 72256K, reserved 1114112K
  class space    used 6933K, committed 7680K, reserved 1048576K
}

